<?xml version="1.0" encoding="UTF-8"?>
<!-- Generated by org.testng.reporters.JUnitReportReporter -->
<testsuite skipped="0" hostname="DESKTOP-48DV5E4" name="com.syntax.practice.ExcelWriteDemo" tests="1" failures="0" timestamp="15 Jun 2019 15:14:41 GMT" time="1.149" errors="0">
  <testcase name="writeExcel" time="1.149" classname="com.syntax.practice.ExcelWriteDemo"/>
</testsuite> <!-- com.syntax.practice.ExcelWriteDemo -->
