<?xml version="1.0" encoding="UTF-8"?>
<!-- Generated by org.testng.reporters.JUnitReportReporter -->
<testsuite skipped="0" hostname="DESKTOP-48DV5E4" name="com.syntax.practice.ExcelFunctionTest" tests="1" failures="0" timestamp="15 Jun 2019 17:26:02 GMT" time="0.554" errors="0">
  <testcase name="excelTest" time="0.554" classname="com.syntax.practice.ExcelFunctionTest"/>
</testsuite> <!-- com.syntax.practice.ExcelFunctionTest -->
