<?xml version="1.0" encoding="UTF-8"?>
<!-- Generated by org.testng.reporters.JUnitReportReporter -->
<testsuite skipped="0" hostname="DESKTOP-48DV5E4" name="com.syntax.testcases.ExcelDemo" tests="1" failures="0" timestamp="14 Jun 2019 15:15:30 GMT" time="0.727" errors="0">
  <testcase name="readExcel" time="0.727" classname="com.syntax.testcases.ExcelDemo"/>
</testsuite> <!-- com.syntax.testcases.ExcelDemo -->
