<?xml version="1.0" encoding="UTF-8"?>
<!-- Generated by org.testng.reporters.JUnitReportReporter -->
<testsuite skipped="0" hostname="DESKTOP-48DV5E4" name="com.syntax.practice.ExcelReview" tests="1" failures="0" timestamp="15 Jun 2019 14:45:26 GMT" time="0.859" errors="0">
  <testcase name="readExcel" time="0.859" classname="com.syntax.practice.ExcelReview"/>
</testsuite> <!-- com.syntax.practice.ExcelReview -->
