<?xml version="1.0" encoding="UTF-8"?>
<!-- Generated by org.testng.reporters.JUnitReportReporter -->
<testsuite skipped="0" hostname="DESKTOP-48DV5E4" name="com.syntax.testcases.AddEmployeePageTest" tests="10" failures="0" timestamp="15 Jun 2019 19:09:02 GMT" time="166.649" errors="0">
  <testcase name="addEmployee" time="15.167" classname="com.syntax.testcases.AddEmployeePageTest"/>
  <testcase name="addEmployee" time="15.328" classname="com.syntax.testcases.AddEmployeePageTest"/>
  <testcase name="addEmployee" time="17.898" classname="com.syntax.testcases.AddEmployeePageTest"/>
  <testcase name="addEmployee" time="17.867" classname="com.syntax.testcases.AddEmployeePageTest"/>
  <testcase name="addEmployee" time="17.298" classname="com.syntax.testcases.AddEmployeePageTest"/>
  <testcase name="addEmployee" time="15.375" classname="com.syntax.testcases.AddEmployeePageTest"/>
  <testcase name="addEmployee" time="24.562" classname="com.syntax.testcases.AddEmployeePageTest"/>
  <testcase name="addEmployee" time="14.157" classname="com.syntax.testcases.AddEmployeePageTest"/>
  <testcase name="addEmployee" time="13.249" classname="com.syntax.testcases.AddEmployeePageTest"/>
  <testcase name="addEmployee" time="15.748" classname="com.syntax.testcases.AddEmployeePageTest"/>
</testsuite> <!-- com.syntax.testcases.AddEmployeePageTest -->
