<?xml version="1.0" encoding="UTF-8"?>
<!-- Generated by org.testng.reporters.JUnitReportReporter -->
<testsuite skipped="0" hostname="DESKTOP-48DV5E4" name="com.syntax.testcases.TestAddEmployeePage" tests="1" failures="0" timestamp="13 Jun 2019 23:46:21 GMT" time="24.511" errors="0">
  <testcase name="addEmployee" time="24.511" classname="com.syntax.testcases.TestAddEmployeePage"/>
</testsuite> <!-- com.syntax.testcases.TestAddEmployeePage -->
